
.tmp/queues.msp430f5529.o:     file format elf32-msp430

SYMBOL TABLE:
00000000 l    df *ABS*	00000000 queues.c
00000000 l    d  .text	00000000 .text
00000000 l    d  .data	00000000 .data
00000000 l    d  .bss	00000000 .bss
00000000 l    d  .lower.text.get_task_from_id	00000000 .lower.text.get_task_from_id
00000000 l    d  .lower.text.insert_into_memberlist	00000000 .lower.text.insert_into_memberlist
00000000 l    d  .lower.text.remove_from_memberlist	00000000 .lower.text.remove_from_memberlist
00000000 l    d  .lower.text.insert_into_timeout_queue	00000000 .lower.text.insert_into_timeout_queue
00000000 l    d  .lower.bss	00000000 .lower.bss
00000000 l    d  .debug_frame	00000000 .debug_frame
00000000 l    d  .debug_info	00000000 .debug_info
00000000 l    d  .debug_abbrev	00000000 .debug_abbrev
00000000 l    d  .debug_loc	00000000 .debug_loc
00000000 l    d  .debug_aranges	00000000 .debug_aranges
00000000 l    d  .debug_ranges	00000000 .debug_ranges
00000000 l    d  .debug_line	00000000 .debug_line
00000000 l    d  .debug_str	00000000 .debug_str
00000000 l    d  .debug_line_end	00000000 .debug_line_end
00000000 l    d  .comment	00000000 .comment
00000000 l    d  .debug_line.lower.text.get_task_from_id	00000000 .debug_line.lower.text.get_task_from_id
00000000 l    d  .debug_line.lower.text.insert_into_memberlist	00000000 .debug_line.lower.text.insert_into_memberlist
00000000 l    d  .debug_line.lower.text.remove_from_memberlist	00000000 .debug_line.lower.text.remove_from_memberlist
00000000 l    d  .debug_line.lower.text.insert_into_timeout_queue	00000000 .debug_line.lower.text.insert_into_timeout_queue
00000000 l    d  .MSP430.attributes	00000000 .MSP430.attributes
00000000         *UND*	00000000 __mulhi2_f5
00000000 g     F .lower.text.get_task_from_id	00000022 get_task_from_id
00000000         *UND*	00000000 os_taskCount
00000000         *UND*	00000000 os_tasks
00000000 g     F .lower.text.insert_into_memberlist	0000008a insert_into_memberlist
00000000 g     F .lower.text.remove_from_memberlist	0000005a remove_from_memberlist
00000000 g     F .lower.text.insert_into_timeout_queue	000000ca insert_into_timeout_queue
00000001  w      .lower.bss	00000000 os_timeoutQueue
00000000  w      .lower.bss	00000000 os_timeoutQueueDirty
00000002  w      .lower.bss	00000000 os_readyQueue
00000004  w      .lower.bss	00000000 os_runningTask
00000006  w      .lower.bss	00000000 os_kernel_mode



Disassembly of section .lower.text.get_task_from_id:

00000000 <get_task_from_id>:
   0:	3c f0 ff 00 	and	#255,	r12	;#0x00ff

00000004 <.Loc.140.1>:
   4:	7c 93       	cmp.b	#-1,	r12	;r3 As==11
   6:	00 24       	jz	$+2      	;abs 0x8

00000008 <.Loc.144.1>:
   8:	5c 92 00 00 	cmp.b	&0x0000,r12	;0x0000
   c:	00 2c       	jc	$+2      	;abs 0xe

0000000e <.Loc.147.1>:
   e:	7d 40 36 00 	mov.b	#54,	r13	;#0x0036
  12:	b0 12 00 00 	call	#0		;

00000016 <.LVL1>:
  16:	3c 50 00 00 	add	#0,	r12	;

0000001a <.L1>:
  1a:	30 41       	ret			

0000001c <.L4>:
  1c:	4c 43       	clr.b	r12		;
  1e:	30 40 00 00 	br	#0x0000		;

Disassembly of section .lower.text.insert_into_memberlist:

00000000 <insert_into_memberlist>:
   0:	4a 15       	pushm	#5,	r10	;16-bit words

00000002 <.LCFI0>:
   2:	09 4d       	mov	r13,	r9	;

00000004 <.Loc.161.1>:
   4:	37 40 00 00 	mov	#0,	r7	;
   8:	87 12       	call	r7		;

0000000a <.LVL3>:
   a:	0a 4c       	mov	r12,	r10	;

0000000c <.Loc.167.1>:
   c:	6c 49       	mov.b	@r9,	r12	;
   e:	7c 93       	cmp.b	#-1,	r12	;r3 As==11
  10:	00 20       	jnz	$+2      	;abs 0x12

00000012 <.Loc.168.1>:
  12:	d9 4a 1a 00 	mov.b	26(r10),0(r9)	;0x0001a
  16:	00 00 

00000018 <.Loc.169.1>:
  18:	8a 49 28 00 	mov	r9,	40(r10)	; 0x0028

0000001c <.Loc.170.1>:
  1c:	ca 4c 32 00 	mov.b	r12,	50(r10)	; 0x0032

00000020 <.L5>:
  20:	46 17       	popm	#5,	r10	;16-bit words
  22:	30 41       	ret			

00000024 <.L6>:
  24:	19 9a 28 00 	cmp	40(r10),r9	;0x00028
  28:	00 24       	jz	$+2      	;abs 0x2a

0000002a <.Loc.179.1>:
  2a:	87 12       	call	r7		;

0000002c <.LVL5>:
  2c:	06 4c       	mov	r12,	r6	;

0000002e <.LVL6>:
  2e:	08 4c       	mov	r12,	r8	;

00000030 <.Loc.184.1>:
  30:	4d 43       	clr.b	r13		;

00000032 <.L8>:
  32:	08 93       	cmp	#0,	r8	;r3 As==00
  34:	00 24       	jz	$+2      	;abs 0x36

00000036 <.Loc.185.1>:
  36:	98 9a 1c 00 	cmp	28(r10),28(r8)	;0x0001c, 0x001c
  3a:	1c 00 
  3c:	00 2c       	jc	$+2      	;abs 0x3e

0000003e <.Loc.191.1>:
  3e:	08 96       	cmp	r6,	r8	;
  40:	00 20       	jnz	$+2      	;abs 0x42

00000042 <.L12>:
  42:	8a 49 28 00 	mov	r9,	40(r10)	; 0x0028

00000046 <.Loc.193.1>:
  46:	da 46 1a 00 	mov.b	26(r6),	50(r10)	;0x0001a, 0x0032
  4a:	32 00 

0000004c <.Loc.194.1>:
  4c:	d9 4a 1a 00 	mov.b	26(r10),0(r9)	;0x0001a
  50:	00 00 
  52:	30 40 00 00 	br	#0x0000		;

00000056 <.L10>:
  56:	5c 48 32 00 	mov.b	50(r8),	r12	;0x00032
  5a:	87 12       	call	r7		;

0000005c <.LVL9>:
  5c:	0d 48       	mov	r8,	r13	;
  5e:	08 4c       	mov	r12,	r8	;

00000060 <.LVL10>:
  60:	30 40 00 00 	br	#0x0000		;

00000064 <.L20>:
  64:	dd 4a 1a 00 	mov.b	26(r10),50(r13)	;0x0001a, 0x0032
  68:	32 00 

0000006a <.Loc.201.1>:
  6a:	da 48 1a 00 	mov.b	26(r8),	50(r10)	;0x0001a, 0x0032
  6e:	32 00 
  70:	30 40 00 00 	br	#0x0000		;

00000074 <.L9>:
  74:	06 93       	cmp	#0,	r6	;r3 As==00
  76:	00 24       	jz	$+2      	;abs 0x78

00000078 <.Loc.196.1>:
  78:	dd 4a 1a 00 	mov.b	26(r10),50(r13)	;0x0001a, 0x0032
  7c:	32 00 

0000007e <.Loc.197.1>:
  7e:	fa 43 32 00 	mov.b	#-1,	50(r10)	;r3 As==11, 0x0032

00000082 <.L21>:
  82:	8a 49 28 00 	mov	r9,	40(r10)	; 0x0028
  86:	30 40 00 00 	br	#0x0000		;

Disassembly of section .lower.text.remove_from_memberlist:

00000000 <remove_from_memberlist>:
   0:	3a 15       	pushm	#4,	r10	;16-bit words

00000002 <.LCFI1>:
   2:	39 40 00 00 	mov	#0,	r9	;
   6:	89 12       	call	r9		;

00000008 <.LVL13>:
   8:	0a 4c       	mov	r12,	r10	;

0000000a <.Loc.224.1>:
   a:	1d 4c 28 00 	mov	40(r12),r13	;0x00028
   e:	0d 93       	cmp	#0,	r13	;r3 As==00
  10:	00 24       	jz	$+2      	;abs 0x12

00000012 <.Loc.227.1>:
  12:	57 4c 1a 00 	mov.b	26(r12),r7	;0x0001a
  16:	6c 4d       	mov.b	@r13,	r12	;
  18:	07 9c       	cmp	r12,	r7	;
  1a:	00 20       	jnz	$+2      	;abs 0x1c

0000001c <.Loc.229.1>:
  1c:	dd 4a 32 00 	mov.b	50(r10),0(r13)	;0x00032
  20:	00 00 

00000022 <.L35>:
  22:	8a 43 28 00 	mov	#0,	40(r10)	;r3 As==00, 0x0028

00000026 <.L22>:
  26:	37 17       	popm	#4,	r10	;16-bit words
  28:	30 41       	ret			

0000002a <.L27>:
  2a:	89 12       	call	r9		;

0000002c <.LVL15>:
  2c:	08 4c       	mov	r12,	r8	;

0000002e <.Loc.241.1>:
  2e:	0c 93       	cmp	#0,	r12	;r3 As==00
  30:	00 24       	jz	$+2      	;abs 0x32

00000032 <.Loc.241.1>:
  32:	5c 4c 32 00 	mov.b	50(r12),r12	;0x00032
  36:	47 9c       	cmp.b	r12,	r7	;
  38:	00 20       	jnz	$+2      	;abs 0x3a

0000003a <.L26>:
  3a:	5c 4a 32 00 	mov.b	50(r10),r12	;0x00032
  3e:	7c 93       	cmp.b	#-1,	r12	;r3 As==11
  40:	00 20       	jnz	$+2      	;abs 0x42

00000042 <.Loc.249.1>:
  42:	c8 4c 32 00 	mov.b	r12,	50(r8)	; 0x0032
  46:	30 40 00 00 	br	#0x0000		;

0000004a <.L28>:
  4a:	89 12       	call	r9		;

0000004c <.LVL17>:
  4c:	d8 4c 1a 00 	mov.b	26(r12),50(r8)	;0x0001a, 0x0032
  50:	32 00 

00000052 <.Loc.254.1>:
  52:	fa 43 32 00 	mov.b	#-1,	50(r10)	;r3 As==11, 0x0032
  56:	30 40 00 00 	br	#0x0000		;

Disassembly of section .lower.text.insert_into_timeout_queue:

00000000 <insert_into_timeout_queue>:
   0:	3a 15       	pushm	#4,	r10	;16-bit words

00000002 <.LCFI2>:
   2:	38 40 00 00 	mov	#0,	r8	;
   6:	88 12       	call	r8		;

00000008 <.LVL19>:
   8:	0a 4c       	mov	r12,	r10	;

0000000a <.Loc.272.1>:
   a:	5c 42 00 00 	mov.b	&0x0000,r12	;0x0000
   e:	7c 93       	cmp.b	#-1,	r12	;r3 As==11
  10:	00 20       	jnz	$+2      	;abs 0x12

00000012 <.Loc.273.1>:
  12:	d2 4a 1a 00 	mov.b	26(r10),&0x0000	;0x0001a
  16:	00 00 

00000018 <.Loc.274.1>:
  18:	ca 4c 33 00 	mov.b	r12,	51(r10)	; 0x0033

0000001c <.L53>:
  1c:	d2 43 00 00 	mov.b	#1,	&0x0000	;r3 As==01

00000020 <.L36>:
  20:	37 17       	popm	#4,	r10	;16-bit words
  22:	30 41       	ret			

00000024 <.L37>:
  24:	88 12       	call	r8		;

00000026 <.LVL21>:
  26:	07 4c       	mov	r12,	r7	;

00000028 <.LVL22>:
  28:	0d 4c       	mov	r12,	r13	;

0000002a <.L39>:
  2a:	0d 93       	cmp	#0,	r13	;r3 As==00
  2c:	00 20       	jnz	$+2      	;abs 0x2e

0000002e <.Loc.280.1>:
  2e:	09 47       	mov	r7,	r9	;

00000030 <.L41>:
  30:	09 93       	cmp	#0,	r9	;r3 As==00
  32:	00 24       	jz	$+2      	;abs 0x34

00000034 <.Loc.293.1>:
  34:	9a 99 30 00 	cmp	48(r9),	48(r10)	;0x00030, 0x0030
  38:	30 00 
  3a:	00 28       	jnc	$+2      	;abs 0x3c
  3c:	99 9a 30 00 	cmp	48(r10),48(r9)	;0x00030, 0x0030
  40:	30 00 
  42:	00 20       	jnz	$+2      	;abs 0x44
  44:	9a 99 2e 00 	cmp	46(r9),	46(r10)	;0x0002e, 0x002e
  48:	2e 00 
  4a:	00 28       	jnc	$+2      	;abs 0x4c
  4c:	99 9a 2e 00 	cmp	46(r10),46(r9)	;0x0002e, 0x002e
  50:	2e 00 
  52:	00 20       	jnz	$+2      	;abs 0x54
  54:	9a 99 2c 00 	cmp	44(r9),	44(r10)	;0x0002c, 0x002c
  58:	2c 00 
  5a:	00 28       	jnc	$+2      	;abs 0x5c
  5c:	99 9a 2c 00 	cmp	44(r10),44(r9)	;0x0002c, 0x002c
  60:	2c 00 
  62:	00 20       	jnz	$+2      	;abs 0x64
  64:	9a 99 2a 00 	cmp	42(r9),	42(r10)	;0x0002a, 0x002a
  68:	2a 00 
  6a:	00 2c       	jc	$+2      	;abs 0x6c

0000006c <.L44>:
  6c:	07 99       	cmp	r9,	r7	;
  6e:	00 20       	jnz	$+2      	;abs 0x70

00000070 <.Loc.300.1>:
  70:	d2 4a 1a 00 	mov.b	26(r10),&0x0000	;0x0001a
  74:	00 00 

00000076 <.Loc.301.1>:
  76:	da 47 1a 00 	mov.b	26(r7),	51(r10)	;0x0001a, 0x0033
  7a:	33 00 
  7c:	30 40 00 00 	br	#0x0000		;

00000080 <.L42>:
  80:	5c 4d 33 00 	mov.b	51(r13),r12	;0x00033

00000084 <.LVL26>:
  84:	88 12       	call	r8		;

00000086 <.LVL27>:
  86:	0d 4c       	mov	r12,	r13	;

00000088 <.LVL28>:
  88:	30 40 00 00 	br	#0x0000		;

0000008c <.L40>:
  8c:	dd 9a 1a 00 	cmp.b	26(r10),26(r13)	;0x0001a, 0x001a
  90:	1a 00 
  92:	00 20       	jnz	$+2      	;abs 0x94

00000094 <.L52>:
  94:	30 40 00 00 	br	#0x0000		;

00000098 <.L45>:
  98:	5c 49 33 00 	mov.b	51(r9),	r12	;0x00033
  9c:	88 12       	call	r8		;

0000009e <.LVL30>:
  9e:	0d 49       	mov	r9,	r13	;
  a0:	09 4c       	mov	r12,	r9	;

000000a2 <.LVL31>:
  a2:	30 40 00 00 	br	#0x0000		;

000000a6 <.L47>:
  a6:	f9 93 33 00 	cmp.b	#-1,	51(r9)	;r3 As==11, 0x0033
  aa:	00 20       	jnz	$+2      	;abs 0xac

000000ac <.Loc.304.1>:
  ac:	d9 4a 1a 00 	mov.b	26(r10),51(r9)	;0x0001a, 0x0033
  b0:	33 00 

000000b2 <.Loc.305.1>:
  b2:	fa 43 33 00 	mov.b	#-1,	51(r10)	;r3 As==11, 0x0033
  b6:	30 40 00 00 	br	#0x0000		;

000000ba <.L48>:
  ba:	dd 4a 1a 00 	mov.b	26(r10),51(r13)	;0x0001a, 0x0033
  be:	33 00 

000000c0 <.Loc.308.1>:
  c0:	da 49 1a 00 	mov.b	26(r9),	51(r10)	;0x0001a, 0x0033
  c4:	33 00 
  c6:	30 40 00 00 	br	#0x0000		;
